
*** Running vivado
    with args -log top.vdi -applog -m64 -product Vivado -messageDb vivado.pb -mode batch -source top.tcl -notrace


****** Vivado v2024.2 (64-bit)
  **** SW Build 5239630 on Fri Nov 08 22:34:34 MST 2024
  **** IP Build 5239520 on Sun Nov 10 16:12:51 MST 2024
  **** SharedData Build 5239561 on Fri Nov 08 14:39:27 MST 2024
  **** Start of session at: Wed Mar 11 21:20:16 2026
    ** Copyright 1986-2022 Xilinx, Inc. All Rights Reserved.
    ** Copyright 2022-2024 Advanced Micro Devices, Inc. All Rights Reserved.

source top.tcl -notrace
Command: link_design -top top -part xc7a35tcpg236-1
Design is defaulting to srcset: sources_1
Design is defaulting to constrset: constrs_1
INFO: [Device 21-403] Loading part xc7a35tcpg236-1
Netlist sorting complete. Time (s): cpu = 00:00:00 ; elapsed = 00:00:00 . Memory (MB): peak = 1432.172 ; gain = 0.000 ; free physical = 1106 ; free virtual = 3077
INFO: [Netlist 29-17] Analyzing 4 Unisim elements for replacement
INFO: [Netlist 29-28] Unisim Transformation completed in 0 CPU seconds
INFO: [Project 1-479] Netlist was created with Vivado 2024.2
INFO: [Project 1-570] Preparing netlist for logic optimization
Parsing XDC File [/home/vraj/Software/FPGA-Basys3/systolic/systolic/Basys-3-Master.xdc]
WARNING: [Vivado 12-507] No nets matched 'ila_b1[0]'. [/home/vraj/Software/FPGA-Basys3/systolic/systolic/Basys-3-Master.xdc:182]
WARNING: [Vivado 12-507] No nets matched 'ila_b1[1]'. [/home/vraj/Software/FPGA-Basys3/systolic/systolic/Basys-3-Master.xdc:182]
WARNING: [Vivado 12-507] No nets matched 'ila_b1[2]'. [/home/vraj/Software/FPGA-Basys3/systolic/systolic/Basys-3-Master.xdc:182]
WARNING: [Vivado 12-507] No nets matched 'ila_b1[3]'. [/home/vraj/Software/FPGA-Basys3/systolic/systolic/Basys-3-Master.xdc:182]
WARNING: [Vivado 12-507] No nets matched 'ila_b1[4]'. [/home/vraj/Software/FPGA-Basys3/systolic/systolic/Basys-3-Master.xdc:182]
WARNING: [Vivado 12-507] No nets matched 'ila_b1[5]'. [/home/vraj/Software/FPGA-Basys3/systolic/systolic/Basys-3-Master.xdc:182]
WARNING: [Vivado 12-507] No nets matched 'ila_b1[6]'. [/home/vraj/Software/FPGA-Basys3/systolic/systolic/Basys-3-Master.xdc:182]
WARNING: [Vivado 12-507] No nets matched 'ila_b1[7]'. [/home/vraj/Software/FPGA-Basys3/systolic/systolic/Basys-3-Master.xdc:182]
CRITICAL WARNING: [Common 17-162] Invalid option value specified for '-nets'. [/home/vraj/Software/FPGA-Basys3/systolic/systolic/Basys-3-Master.xdc:182]
WARNING: [Vivado 12-507] No nets matched 'ila_a1[0]'. [/home/vraj/Software/FPGA-Basys3/systolic/systolic/Basys-3-Master.xdc:186]
WARNING: [Vivado 12-507] No nets matched 'ila_a1[1]'. [/home/vraj/Software/FPGA-Basys3/systolic/systolic/Basys-3-Master.xdc:186]
WARNING: [Vivado 12-507] No nets matched 'ila_a1[2]'. [/home/vraj/Software/FPGA-Basys3/systolic/systolic/Basys-3-Master.xdc:186]
WARNING: [Vivado 12-507] No nets matched 'ila_a1[3]'. [/home/vraj/Software/FPGA-Basys3/systolic/systolic/Basys-3-Master.xdc:186]
WARNING: [Vivado 12-507] No nets matched 'ila_a1[4]'. [/home/vraj/Software/FPGA-Basys3/systolic/systolic/Basys-3-Master.xdc:186]
WARNING: [Vivado 12-507] No nets matched 'ila_a1[5]'. [/home/vraj/Software/FPGA-Basys3/systolic/systolic/Basys-3-Master.xdc:186]
WARNING: [Vivado 12-507] No nets matched 'ila_a1[6]'. [/home/vraj/Software/FPGA-Basys3/systolic/systolic/Basys-3-Master.xdc:186]
WARNING: [Vivado 12-507] No nets matched 'ila_a1[7]'. [/home/vraj/Software/FPGA-Basys3/systolic/systolic/Basys-3-Master.xdc:186]
CRITICAL WARNING: [Common 17-162] Invalid option value specified for '-nets'. [/home/vraj/Software/FPGA-Basys3/systolic/systolic/Basys-3-Master.xdc:186]
WARNING: [Vivado 12-507] No nets matched 'ila_c11[0]'. [/home/vraj/Software/FPGA-Basys3/systolic/systolic/Basys-3-Master.xdc:194]
WARNING: [Vivado 12-507] No nets matched 'ila_c11[1]'. [/home/vraj/Software/FPGA-Basys3/systolic/systolic/Basys-3-Master.xdc:194]
WARNING: [Vivado 12-507] No nets matched 'ila_c11[2]'. [/home/vraj/Software/FPGA-Basys3/systolic/systolic/Basys-3-Master.xdc:194]
WARNING: [Vivado 12-507] No nets matched 'ila_c11[3]'. [/home/vraj/Software/FPGA-Basys3/systolic/systolic/Basys-3-Master.xdc:194]
WARNING: [Vivado 12-507] No nets matched 'ila_c11[4]'. [/home/vraj/Software/FPGA-Basys3/systolic/systolic/Basys-3-Master.xdc:194]
WARNING: [Vivado 12-507] No nets matched 'ila_c11[5]'. [/home/vraj/Software/FPGA-Basys3/systolic/systolic/Basys-3-Master.xdc:194]
WARNING: [Vivado 12-507] No nets matched 'ila_c11[6]'. [/home/vraj/Software/FPGA-Basys3/systolic/systolic/Basys-3-Master.xdc:194]
WARNING: [Vivado 12-507] No nets matched 'ila_c11[7]'. [/home/vraj/Software/FPGA-Basys3/systolic/systolic/Basys-3-Master.xdc:194]
WARNING: [Vivado 12-507] No nets matched 'ila_c11[8]'. [/home/vraj/Software/FPGA-Basys3/systolic/systolic/Basys-3-Master.xdc:194]
WARNING: [Vivado 12-507] No nets matched 'ila_c11[9]'. [/home/vraj/Software/FPGA-Basys3/systolic/systolic/Basys-3-Master.xdc:194]
WARNING: [Vivado 12-507] No nets matched 'ila_c11[10]'. [/home/vraj/Software/FPGA-Basys3/systolic/systolic/Basys-3-Master.xdc:194]
WARNING: [Vivado 12-507] No nets matched 'ila_c11[11]'. [/home/vraj/Software/FPGA-Basys3/systolic/systolic/Basys-3-Master.xdc:194]
WARNING: [Vivado 12-507] No nets matched 'ila_c11[12]'. [/home/vraj/Software/FPGA-Basys3/systolic/systolic/Basys-3-Master.xdc:194]
WARNING: [Vivado 12-507] No nets matched 'ila_c11[13]'. [/home/vraj/Software/FPGA-Basys3/systolic/systolic/Basys-3-Master.xdc:194]
WARNING: [Vivado 12-507] No nets matched 'ila_c11[14]'. [/home/vraj/Software/FPGA-Basys3/systolic/systolic/Basys-3-Master.xdc:194]
WARNING: [Vivado 12-507] No nets matched 'ila_c11[15]'. [/home/vraj/Software/FPGA-Basys3/systolic/systolic/Basys-3-Master.xdc:194]
CRITICAL WARNING: [Common 17-162] Invalid option value specified for '-nets'. [/home/vraj/Software/FPGA-Basys3/systolic/systolic/Basys-3-Master.xdc:194]
WARNING: [Vivado 12-507] No nets matched 'ila_c01[0]'. [/home/vraj/Software/FPGA-Basys3/systolic/systolic/Basys-3-Master.xdc:198]
WARNING: [Vivado 12-507] No nets matched 'ila_c01[1]'. [/home/vraj/Software/FPGA-Basys3/systolic/systolic/Basys-3-Master.xdc:198]
WARNING: [Vivado 12-507] No nets matched 'ila_c01[2]'. [/home/vraj/Software/FPGA-Basys3/systolic/systolic/Basys-3-Master.xdc:198]
WARNING: [Vivado 12-507] No nets matched 'ila_c01[3]'. [/home/vraj/Software/FPGA-Basys3/systolic/systolic/Basys-3-Master.xdc:198]
WARNING: [Vivado 12-507] No nets matched 'ila_c01[4]'. [/home/vraj/Software/FPGA-Basys3/systolic/systolic/Basys-3-Master.xdc:198]
WARNING: [Vivado 12-507] No nets matched 'ila_c01[5]'. [/home/vraj/Software/FPGA-Basys3/systolic/systolic/Basys-3-Master.xdc:198]
WARNING: [Vivado 12-507] No nets matched 'ila_c01[6]'. [/home/vraj/Software/FPGA-Basys3/systolic/systolic/Basys-3-Master.xdc:198]
WARNING: [Vivado 12-507] No nets matched 'ila_c01[7]'. [/home/vraj/Software/FPGA-Basys3/systolic/systolic/Basys-3-Master.xdc:198]
WARNING: [Vivado 12-507] No nets matched 'ila_c01[8]'. [/home/vraj/Software/FPGA-Basys3/systolic/systolic/Basys-3-Master.xdc:198]
WARNING: [Vivado 12-507] No nets matched 'ila_c01[9]'. [/home/vraj/Software/FPGA-Basys3/systolic/systolic/Basys-3-Master.xdc:198]
WARNING: [Vivado 12-507] No nets matched 'ila_c01[10]'. [/home/vraj/Software/FPGA-Basys3/systolic/systolic/Basys-3-Master.xdc:198]
WARNING: [Vivado 12-507] No nets matched 'ila_c01[11]'. [/home/vraj/Software/FPGA-Basys3/systolic/systolic/Basys-3-Master.xdc:198]
WARNING: [Vivado 12-507] No nets matched 'ila_c01[12]'. [/home/vraj/Software/FPGA-Basys3/systolic/systolic/Basys-3-Master.xdc:198]
WARNING: [Vivado 12-507] No nets matched 'ila_c01[13]'. [/home/vraj/Software/FPGA-Basys3/systolic/systolic/Basys-3-Master.xdc:198]
WARNING: [Vivado 12-507] No nets matched 'ila_c01[14]'. [/home/vraj/Software/FPGA-Basys3/systolic/systolic/Basys-3-Master.xdc:198]
WARNING: [Vivado 12-507] No nets matched 'ila_c01[15]'. [/home/vraj/Software/FPGA-Basys3/systolic/systolic/Basys-3-Master.xdc:198]
CRITICAL WARNING: [Common 17-162] Invalid option value specified for '-nets'. [/home/vraj/Software/FPGA-Basys3/systolic/systolic/Basys-3-Master.xdc:198]
WARNING: [Vivado 12-507] No nets matched 'ila_c10[0]'. [/home/vraj/Software/FPGA-Basys3/systolic/systolic/Basys-3-Master.xdc:202]
WARNING: [Vivado 12-507] No nets matched 'ila_c10[1]'. [/home/vraj/Software/FPGA-Basys3/systolic/systolic/Basys-3-Master.xdc:202]
WARNING: [Vivado 12-507] No nets matched 'ila_c10[2]'. [/home/vraj/Software/FPGA-Basys3/systolic/systolic/Basys-3-Master.xdc:202]
WARNING: [Vivado 12-507] No nets matched 'ila_c10[3]'. [/home/vraj/Software/FPGA-Basys3/systolic/systolic/Basys-3-Master.xdc:202]
WARNING: [Vivado 12-507] No nets matched 'ila_c10[4]'. [/home/vraj/Software/FPGA-Basys3/systolic/systolic/Basys-3-Master.xdc:202]
WARNING: [Vivado 12-507] No nets matched 'ila_c10[5]'. [/home/vraj/Software/FPGA-Basys3/systolic/systolic/Basys-3-Master.xdc:202]
WARNING: [Vivado 12-507] No nets matched 'ila_c10[6]'. [/home/vraj/Software/FPGA-Basys3/systolic/systolic/Basys-3-Master.xdc:202]
WARNING: [Vivado 12-507] No nets matched 'ila_c10[7]'. [/home/vraj/Software/FPGA-Basys3/systolic/systolic/Basys-3-Master.xdc:202]
WARNING: [Vivado 12-507] No nets matched 'ila_c10[8]'. [/home/vraj/Software/FPGA-Basys3/systolic/systolic/Basys-3-Master.xdc:202]
WARNING: [Vivado 12-507] No nets matched 'ila_c10[9]'. [/home/vraj/Software/FPGA-Basys3/systolic/systolic/Basys-3-Master.xdc:202]
WARNING: [Vivado 12-507] No nets matched 'ila_c10[10]'. [/home/vraj/Software/FPGA-Basys3/systolic/systolic/Basys-3-Master.xdc:202]
WARNING: [Vivado 12-507] No nets matched 'ila_c10[11]'. [/home/vraj/Software/FPGA-Basys3/systolic/systolic/Basys-3-Master.xdc:202]
WARNING: [Vivado 12-507] No nets matched 'ila_c10[12]'. [/home/vraj/Software/FPGA-Basys3/systolic/systolic/Basys-3-Master.xdc:202]
WARNING: [Vivado 12-507] No nets matched 'ila_c10[13]'. [/home/vraj/Software/FPGA-Basys3/systolic/systolic/Basys-3-Master.xdc:202]
WARNING: [Vivado 12-507] No nets matched 'ila_c10[14]'. [/home/vraj/Software/FPGA-Basys3/systolic/systolic/Basys-3-Master.xdc:202]
WARNING: [Vivado 12-507] No nets matched 'ila_c10[15]'. [/home/vraj/Software/FPGA-Basys3/systolic/systolic/Basys-3-Master.xdc:202]
CRITICAL WARNING: [Common 17-162] Invalid option value specified for '-nets'. [/home/vraj/Software/FPGA-Basys3/systolic/systolic/Basys-3-Master.xdc:202]
Finished Parsing XDC File [/home/vraj/Software/FPGA-Basys3/systolic/systolic/Basys-3-Master.xdc]
INFO: [Opt 31-138] Pushed 0 inverter(s) to 0 load pin(s).
Netlist sorting complete. Time (s): cpu = 00:00:00 ; elapsed = 00:00:00 . Memory (MB): peak = 1634.887 ; gain = 0.000 ; free physical = 1111 ; free virtual = 2923
INFO: [Project 1-111] Unisim Transformation Summary:
No Unisim elements were transformed.

7 Infos, 64 Warnings, 5 Critical Warnings and 0 Errors encountered.
link_design completed successfully
Command: opt_design
Attempting to get a license for feature 'Implementation' and/or device 'xc7a35t'
INFO: [Common 17-349] Got license for feature 'Implementation' and/or device 'xc7a35t'
Running DRC as a precondition to command opt_design

Starting DRC Task
INFO: [DRC 23-27] Running DRC with 8 threads
INFO: [Project 1-461] DRC finished with 0 Errors
INFO: [Project 1-462] Please refer to the DRC report (report_drc) for more information.

Time (s): cpu = 00:00:01 ; elapsed = 00:00:00.35 . Memory (MB): peak = 1756.855 ; gain = 121.969 ; free physical = 1003 ; free virtual = 2814

Starting Cache Timing Information Task
INFO: [Timing 38-35] Done setting XDC timing constraints.
Ending Cache Timing Information Task | Checksum: 23a1a1502

Time (s): cpu = 00:00:04 ; elapsed = 00:00:04 . Memory (MB): peak = 2110.777 ; gain = 353.922 ; free physical = 707 ; free virtual = 2491

Starting Logic Optimization Task

Phase 1 Initialization

Phase 1.1 Core Generation And Design Setup
Phase 1.1 Core Generation And Design Setup | Checksum: 23a1a1502

Time (s): cpu = 00:00:00 ; elapsed = 00:00:00.01 . Memory (MB): peak = 2454.699 ; gain = 0.000 ; free physical = 356 ; free virtual = 2143
Phase 1 Initialization | Checksum: 23a1a1502

Time (s): cpu = 00:00:00 ; elapsed = 00:00:00.01 . Memory (MB): peak = 2454.699 ; gain = 0.000 ; free physical = 356 ; free virtual = 2143
INFO: [Common 17-83] Releasing license: Implementation
13 Infos, 64 Warnings, 5 Critical Warnings and 1 Errors encountered.
opt_design failed
ERROR: [Chipscope 16-213] The debug port 'u_ila_0/probe1' has 8 unconnected channels (bits). This will cause errors during implementation.
INFO: [Common 17-206] Exiting Vivado at Wed Mar 11 21:20:26 2026...
